mktextfm Constantia
mktextfm Constantia
mktextfm Constantia
mktextfm Constantia/BI
mktextfm Constantia
mktextfm Constantia/B
mktextfm Constantia
mktextfm Constantia/I
mktextfm Constantia
mktextfm Constantia
mktextfm Constantia
mktextfm NanumMyeongjoExtraBold
mktextfm Constantia
mktextfm Constantia
mktextfm Constantia
mktextfm Times
mktextfm Times
mktextfm Times
mktextfm Times/BI
mktextfm Times
mktextfm Times/B
mktextfm Times
mktextfm Times/I
mktextfm Times
mktextfm Times
mktextfm Times
mktextfm NanumMyeongjoExtraBold
mktextfm Times
mktextfm Times
mktextfm Times
